<?xml version="1.0" encoding="UTF-8"?>
<testsuite xmlns:xsi="http://www.w3.org/2001/XMLSchema-instance" xsi:noNamespaceSchemaLocation="https://maven.apache.org/surefire/maven-surefire-plugin/xsd/surefire-test-report.xsd" name="ApiTests.LoginTests" time="5.324" tests="3" errors="0" skipped="0" failures="0">
  <properties>
[...]
</properties>
  <testcase name="postInvalidLogin" classname="ApiTests.LoginTests" time="3.329"/>
  <testcase name="postInvalidPassword" classname="ApiTests.LoginTests" time="0.967"/>
  <testcase name="postValid" classname="ApiTests.LoginTests" time="0.922"/>
</testsuite>